[29-Apr-2025 03:37:44 Europe/Berlin] PHP Warning:  require_once(../classes/db.php): Failed to open stream: No such file or directory in C:\xampp\htdocs\436-project\modules\navbar.php on line 5
[29-Apr-2025 03:37:44 Europe/Berlin] PHP Fatal error:  Uncaught Error: Failed opening required '../classes/db.php' (include_path='C:\xampp\php\PEAR') in C:\xampp\htdocs\436-project\modules\navbar.php:5
Stack trace:
#0 C:\xampp\htdocs\436-project\header.php(14): include()
#1 C:\xampp\htdocs\436-project\login.php(59): include('C:\\xampp\\htdocs...')
#2 {main}
  thrown in C:\xampp\htdocs\436-project\modules\navbar.php on line 5
[29-Apr-2025 03:43:32 Europe/Berlin] PHP Warning:  require_once(C:\xampp\php\pear): Failed to open stream: Permission denied in C:\xampp\htdocs\436-project\classes\config.php on line 7
[29-Apr-2025 03:43:32 Europe/Berlin] PHP Fatal error:  Uncaught Error: Failed opening required '' (include_path='C:\xampp\php\PEAR') in C:\xampp\htdocs\436-project\classes\config.php:7
Stack trace:
#0 C:\xampp\htdocs\436-project\header.php(1): require()
#1 C:\xampp\htdocs\436-project\login.php(58): require('C:\\xampp\\htdocs...')
#2 {main}
  thrown in C:\xampp\htdocs\436-project\classes\config.php on line 7
[29-Apr-2025 04:19:16 Europe/Berlin] PHP Warning:  require(../classes/db.php): Failed to open stream: No such file or directory in C:\xampp\htdocs\436-project\modules\change-password.php on line 2
[29-Apr-2025 04:19:16 Europe/Berlin] PHP Fatal error:  Uncaught Error: Failed opening required '../classes/db.php' (include_path='C:\xampp\php\PEAR') in C:\xampp\htdocs\436-project\modules\change-password.php:2
Stack trace:
#0 C:\xampp\htdocs\436-project\profile.php(159): require()
#1 {main}
  thrown in C:\xampp\htdocs\436-project\modules\change-password.php on line 2
[29-Apr-2025 04:21:10 Europe/Berlin] PHP Warning:  require(../classes/db.php): Failed to open stream: No such file or directory in C:\xampp\htdocs\436-project\modules\change-password.php on line 2
[29-Apr-2025 04:21:10 Europe/Berlin] PHP Fatal error:  Uncaught Error: Failed opening required '../classes/db.php' (include_path='C:\xampp\php\PEAR') in C:\xampp\htdocs\436-project\modules\change-password.php:2
Stack trace:
#0 C:\xampp\htdocs\436-project\profile.php(159): require()
#1 {main}
  thrown in C:\xampp\htdocs\436-project\modules\change-password.php on line 2
[29-Apr-2025 04:23:02 Europe/Berlin] PHP Warning:  require(../classes/db.php): Failed to open stream: No such file or directory in C:\xampp\htdocs\436-project\modules\change-password.php on line 2
[29-Apr-2025 04:23:02 Europe/Berlin] PHP Fatal error:  Uncaught Error: Failed opening required '../classes/db.php' (include_path='C:\xampp\php\PEAR') in C:\xampp\htdocs\436-project\modules\change-password.php:2
Stack trace:
#0 C:\xampp\htdocs\436-project\profile.php(159): require()
#1 {main}
  thrown in C:\xampp\htdocs\436-project\modules\change-password.php on line 2
[29-Apr-2025 04:26:58 Europe/Berlin] PHP Warning:  require(../classes/db.php): Failed to open stream: No such file or directory in C:\xampp\htdocs\436-project\modules\change-password.php on line 2
[29-Apr-2025 04:26:58 Europe/Berlin] PHP Fatal error:  Uncaught Error: Failed opening required '../classes/db.php' (include_path='C:\xampp\php\PEAR') in C:\xampp\htdocs\436-project\modules\change-password.php:2
Stack trace:
#0 C:\xampp\htdocs\436-project\profile.php(159): require()
#1 {main}
  thrown in C:\xampp\htdocs\436-project\modules\change-password.php on line 2
[29-Apr-2025 04:27:15 Europe/Berlin] PHP Warning:  require(../classes/db.php): Failed to open stream: No such file or directory in C:\xampp\htdocs\436-project\modules\change-password.php on line 2
[29-Apr-2025 04:27:15 Europe/Berlin] PHP Fatal error:  Uncaught Error: Failed opening required '../classes/db.php' (include_path='C:\xampp\php\PEAR') in C:\xampp\htdocs\436-project\modules\change-password.php:2
Stack trace:
#0 C:\xampp\htdocs\436-project\profile.php(159): require()
#1 {main}
  thrown in C:\xampp\htdocs\436-project\modules\change-password.php on line 2
[29-Apr-2025 04:38:31 Europe/Berlin] PHP Warning:  require(../classes/db.php): Failed to open stream: No such file or directory in C:\xampp\htdocs\436-project\modules\change-password.php on line 2
[29-Apr-2025 04:38:31 Europe/Berlin] PHP Fatal error:  Uncaught Error: Failed opening required '../classes/db.php' (include_path='C:\xampp\php\PEAR') in C:\xampp\htdocs\436-project\modules\change-password.php:2
Stack trace:
#0 C:\xampp\htdocs\436-project\profile.php(159): require()
#1 {main}
  thrown in C:\xampp\htdocs\436-project\modules\change-password.php on line 2
[29-Apr-2025 04:39:10 Europe/Berlin] PHP Warning:  require(../classes/db.php): Failed to open stream: No such file or directory in C:\xampp\htdocs\436-project\modules\change-password.php on line 2
[29-Apr-2025 04:39:10 Europe/Berlin] PHP Fatal error:  Uncaught Error: Failed opening required '../classes/db.php' (include_path='C:\xampp\php\PEAR') in C:\xampp\htdocs\436-project\modules\change-password.php:2
Stack trace:
#0 C:\xampp\htdocs\436-project\profile.php(159): require()
#1 {main}
  thrown in C:\xampp\htdocs\436-project\modules\change-password.php on line 2
[29-Apr-2025 04:39:43 Europe/Berlin] PHP Warning:  require(../classes/db.php): Failed to open stream: No such file or directory in C:\xampp\htdocs\436-project\modules\change-password.php on line 2
[29-Apr-2025 04:39:43 Europe/Berlin] PHP Fatal error:  Uncaught Error: Failed opening required '../classes/db.php' (include_path='C:\xampp\php\PEAR') in C:\xampp\htdocs\436-project\modules\change-password.php:2
Stack trace:
#0 C:\xampp\htdocs\436-project\profile.php(159): require()
#1 {main}
  thrown in C:\xampp\htdocs\436-project\modules\change-password.php on line 2
[29-Apr-2025 04:40:10 Europe/Berlin] PHP Warning:  require(../classes/db.php): Failed to open stream: No such file or directory in C:\xampp\htdocs\436-project\modules\change-password.php on line 2
[29-Apr-2025 04:40:10 Europe/Berlin] PHP Fatal error:  Uncaught Error: Failed opening required '../classes/db.php' (include_path='C:\xampp\php\PEAR') in C:\xampp\htdocs\436-project\modules\change-password.php:2
Stack trace:
#0 C:\xampp\htdocs\436-project\profile.php(159): require()
#1 {main}
  thrown in C:\xampp\htdocs\436-project\modules\change-password.php on line 2
[29-Apr-2025 04:43:47 Europe/Berlin] PHP Warning:  require(../classes/db.php): Failed to open stream: No such file or directory in C:\xampp\htdocs\436-project\modules\change-password.php on line 2
[29-Apr-2025 04:43:47 Europe/Berlin] PHP Fatal error:  Uncaught Error: Failed opening required '../classes/db.php' (include_path='C:\xampp\php\PEAR') in C:\xampp\htdocs\436-project\modules\change-password.php:2
Stack trace:
#0 C:\xampp\htdocs\436-project\profile.php(159): require()
#1 {main}
  thrown in C:\xampp\htdocs\436-project\modules\change-password.php on line 2
[29-Apr-2025 04:44:42 Europe/Berlin] PHP Warning:  require(../classes/db.php): Failed to open stream: No such file or directory in C:\xampp\htdocs\436-project\modules\change-password.php on line 2
[29-Apr-2025 04:44:42 Europe/Berlin] PHP Fatal error:  Uncaught Error: Failed opening required '../classes/db.php' (include_path='C:\xampp\php\PEAR') in C:\xampp\htdocs\436-project\modules\change-password.php:2
Stack trace:
#0 C:\xampp\htdocs\436-project\profile.php(159): require()
#1 {main}
  thrown in C:\xampp\htdocs\436-project\modules\change-password.php on line 2
[29-Apr-2025 04:46:13 Europe/Berlin] PHP Warning:  require(../classes/db.php): Failed to open stream: No such file or directory in C:\xampp\htdocs\436-project\modules\change-password.php on line 2
[29-Apr-2025 04:46:13 Europe/Berlin] PHP Fatal error:  Uncaught Error: Failed opening required '../classes/db.php' (include_path='C:\xampp\php\PEAR') in C:\xampp\htdocs\436-project\modules\change-password.php:2
Stack trace:
#0 C:\xampp\htdocs\436-project\profile.php(159): require()
#1 {main}
  thrown in C:\xampp\htdocs\436-project\modules\change-password.php on line 2
[29-Apr-2025 04:47:47 Europe/Berlin] PHP Warning:  require(../classes/db.php): Failed to open stream: No such file or directory in C:\xampp\htdocs\436-project\modules\change-password.php on line 2
[29-Apr-2025 04:47:47 Europe/Berlin] PHP Fatal error:  Uncaught Error: Failed opening required '../classes/db.php' (include_path='C:\xampp\php\PEAR') in C:\xampp\htdocs\436-project\modules\change-password.php:2
Stack trace:
#0 C:\xampp\htdocs\436-project\profile.php(159): require()
#1 {main}
  thrown in C:\xampp\htdocs\436-project\modules\change-password.php on line 2
[29-Apr-2025 04:48:00 Europe/Berlin] PHP Fatal error:  Cannot redeclare pdo() (previously declared in C:\xampp\htdocs\436-project\classes\db.php:48) in C:\xampp\htdocs\436-project\classes\db.php on line 55
